<?xml version="1.0" encoding="utf-8"?><testsuites name="pytest tests"><testsuite name="pytest" errors="0" failures="0" skipped="0" tests="13" time="49.311" timestamp="2026-02-07T01:36:33.809881+00:00" hostname="agent-env-65de834e-e8af-40d7-9946-d4796fa14161"><testcase classname="tests.test_pdf_and_email_fixes.TestAPIHealth" name="test_api_root_endpoint" time="0.094" /><testcase classname="tests.test_pdf_and_email_fixes.TestQuoteGeneration" name="test_create_quote_request" time="10.104" /><testcase classname="tests.test_pdf_and_email_fixes.TestContractGeneration" name="test_contract_generation_endpoint" time="10.563" /><testcase classname="tests.test_pdf_and_email_fixes.TestContractGeneration" name="test_contract_pdf_no_html_tags" time="12.346" /><testcase classname="tests.test_pdf_and_email_fixes.TestPDFMeasurementFormatting" name="test_proposal_pdf_measurement_formatting" time="4.397" /><testcase classname="tests.test_pdf_and_email_fixes.TestEmailService" name="test_email_content_generation" time="0.035" /><testcase classname="tests.test_pdf_and_email_fixes.TestEmailService" name="test_email_html_structure" time="0.001" /><testcase classname="tests.test_pdf_and_email_fixes.TestQuoteSummaryPDF" name="test_quote_summary_pdf_generation" time="5.820" /><testcase classname="tests.test_pdf_and_email_fixes.TestGetQuote" name="test_get_all_quotes" time="0.080" /><testcase classname="tests.test_pdf_and_email_fixes.TestGetQuote" name="test_get_quote_by_id" time="5.402" /><testcase classname="tests.test_pdf_and_email_fixes.TestGetQuote" name="test_get_nonexistent_quote" time="0.055" /><testcase classname="tests.test_pdf_and_email_fixes.TestSuppliers" name="test_get_suppliers_for_component" time="0.216" /><testcase classname="tests.test_pdf_and_email_fixes.TestSuppliers" name="test_get_suppliers_invalid_component" time="0.052" /></testsuite></testsuites>