<?xml version="1.0" encoding="utf-8"?><testsuites name="pytest tests"><testsuite name="pytest" errors="0" failures="0" skipped="0" tests="17" time="3.092" timestamp="2026-02-25T07:28:21.695740+00:00" hostname="agent-env-65de834e-e8af-40d7-9946-d4796fa14161"><testcase classname="backend.tests.test_invoice_system.TestInvoiceEndpoints" name="test_list_invoices_endpoint" time="0.189" /><testcase classname="backend.tests.test_invoice_system.TestInvoiceEndpoints" name="test_list_invoices_filter_by_status" time="0.136" /><testcase classname="backend.tests.test_invoice_system.TestInvoiceEndpoints" name="test_get_next_invoice_number" time="0.168" /><testcase classname="backend.tests.test_invoice_system.TestInvoiceEndpoints" name="test_get_contracts_list" time="0.153" /><testcase classname="backend.tests.test_invoice_system.TestInvoiceEndpoints" name="test_get_contract_invoice_status" time="0.193" /><testcase classname="backend.tests.test_invoice_system.TestInvoiceEndpoints" name="test_create_invoice_from_stage" time="0.258" /><testcase classname="backend.tests.test_invoice_system.TestInvoiceEndpoints" name="test_create_invoice_invalid_contract" time="0.127" /><testcase classname="backend.tests.test_invoice_system.TestInvoiceEndpoints" name="test_create_invoice_invalid_stage" time="0.232" /><testcase classname="backend.tests.test_invoice_system.TestInvoiceEndpoints" name="test_generate_invoice_pdf" time="0.189" /><testcase classname="backend.tests.test_invoice_system.TestInvoiceEndpoints" name="test_generate_pdf_invalid_invoice" time="0.131" /><testcase classname="backend.tests.test_invoice_system.TestInvoiceEndpoints" name="test_update_invoice_status_to_sent" time="0.182" /><testcase classname="backend.tests.test_invoice_system.TestInvoiceEndpoints" name="test_update_invoice_status_to_paid" time="0.225" /><testcase classname="backend.tests.test_invoice_system.TestInvoiceEndpoints" name="test_update_status_invalid_invoice" time="0.140" /><testcase classname="backend.tests.test_invoice_system.TestInvoiceEndpoints" name="test_get_single_invoice" time="0.176" /><testcase classname="backend.tests.test_invoice_system.TestInvoiceEndpoints" name="test_get_invoices_by_contract" time="0.187" /><testcase classname="backend.tests.test_invoice_system.TestInvoiceEndpoints" name="test_invoice_gst_calculation" time="0.127" /><testcase classname="backend.tests.test_invoice_system.TestInvoiceSendEndpoint" name="test_send_invoice_endpoint_exists" time="0.179" /></testsuite></testsuites>